<?xml version="1.0" encoding="UTF-8"?>
<!-- Generated by org.testng.reporters.JUnitReportReporter -->
<testsuite hostname="deepika-laptop" failures="0" tests="1" name="maven.Home.seleniumPrac" time="0.006" errors="0" timestamp="2022-09-05T15:34:21 IST" skipped="0">
  <testcase classname="maven.Home.seleniumPrac" name="sample" time="0.006"/>
  <system-out/>
</testsuite> <!-- maven.Home.seleniumPrac -->
