<?xml version="1.0" encoding="UTF-8"?>
<!-- Generated by org.testng.reporters.JUnitReportReporter -->
<testsuite hostname="deepika-laptop" failures="0" tests="1" name="maven.Home.ValidateNavigationbar" time="0.006" errors="0" timestamp="2022-07-07T18:40:36 IST" skipped="0">
  <testcase classname="maven.Home.ValidateNavigationbar" name="initialize" time="0.006"/>
  <system-out/>
</testsuite> <!-- maven.Home.ValidateNavigationbar -->
