<?xml version="1.0" encoding="UTF-8"?>
<!-- Generated by org.testng.reporters.JUnitReportReporter -->
<testsuite hostname="deepika-laptop" failures="0" tests="1" name="maven.Home.validateTitleLandingPage" time="0.000" errors="0" timestamp="26 Apr 2022 04:46:19 GMT" skipped="1">
  <testcase classname="maven.Home.validateTitleLandingPage" name="validateTitle" time="0.000">
    <skipped/>
  </testcase> <!-- validateTitle -->
</testsuite> <!-- maven.Home.validateTitleLandingPage -->
