<?xml version="1.0" encoding="UTF-8"?>
<!-- Generated by org.testng.reporters.JUnitReportReporter -->
<testsuite hostname="deepika-laptop" failures="0" tests="1" name="maven.Home.java2" time="0.016" errors="0" timestamp="2022-10-12T15:27:22 IST" skipped="0">
  <testcase classname="maven.Home.java2" name="method1" time="0.016"/>
  <system-out/>
</testsuite> <!-- maven.Home.java2 -->
