<?xml version="1.0" encoding="UTF-8"?>
<!-- Generated by org.testng.reporters.JUnitReportReporter -->
<testsuite hostname="deepika-laptop" failures="0" tests="1" name="maven.Home.javaTest" time="0.007" errors="0" timestamp="06 Jun 2022 06:13:43 GMT" skipped="0">
  <testcase classname="maven.Home.javaTest" name="method1" time="0.007"/>
</testsuite> <!-- maven.Home.javaTest -->
