<?xml version="1.0" encoding="UTF-8"?>
<!-- Generated by org.testng.reporters.JUnitReportReporter -->
<testsuite hostname="deepika-laptop" failures="0" tests="2" name="maven.Home.java3" time="0.005" errors="0" timestamp="2022-09-05T12:38:23 IST" skipped="1">
  <testcase classname="maven.Home.java3" name="method4" time="0.005"/>
  <system-out/>
  <testcase classname="maven.Home.java3" name="method3">
    <skipped/>
  </testcase> <!-- method3 -->
  <system-out/>
</testsuite> <!-- maven.Home.java3 -->
