<?xml version="1.0" encoding="UTF-8"?>
<!-- Generated by org.testng.reporters.JUnitReportReporter -->
<testsuite hostname="deepika-laptop" failures="0" tests="1" name="maven.Home.Login" time="9.890" errors="0" timestamp="14 Apr 2022 11:44:19 GMT" skipped="0">
  <testcase classname="maven.Home.Login" name="HomePageNavigation" time="9.890"/>
</testsuite> <!-- maven.Home.Login -->
