<?xml version="1.0" encoding="UTF-8"?>
<!-- Generated by org.testng.reporters.JUnitReportReporter -->
<testsuite hostname="deepika-laptop" failures="0" tests="1" name="maven.Home.TwoDArray" time="0.341" errors="0" timestamp="18 Jun 2022 11:52:02 GMT" skipped="0">
  <testcase classname="maven.Home.TwoDArray" name="excelretrieval" time="0.341"/>
</testsuite> <!-- maven.Home.TwoDArray -->
