<?xml version="1.0" encoding="UTF-8"?>
<!-- Generated by org.testng.reporters.JUnitReportReporter -->
<testsuite hostname="deepika-laptop" failures="0" tests="1" name="maven.Home.Example1" time="0.006" errors="0" timestamp="2022-10-13T16:52:50 IST" skipped="0">
  <testcase classname="maven.Home.Example1" name="test1" time="0.006"/>
  <system-out/>
</testsuite> <!-- maven.Home.Example1 -->
