<?xml version="1.0" encoding="UTF-8"?>
<!-- Generated by org.testng.reporters.JUnitReportReporter -->
<testsuite hostname="deepika-laptop" failures="0" tests="9" name="maven.Home.javaPrograms" time="0.004" errors="0" timestamp="06 Jun 2022 06:16:30 GMT" skipped="8">
  <testcase classname="maven.Home.javaPrograms" name="ifDigitPresent" time="0.004"/>
  <testcase classname="maven.Home.javaPrograms" name="extentMethod">
    <skipped/>
  </testcase> <!-- extentMethod -->
  <testcase classname="maven.Home.javaPrograms" name="sorting">
    <skipped/>
  </testcase> <!-- sorting -->
  <testcase classname="maven.Home.javaPrograms" name="excelSheetRetrieval">
    <skipped/>
  </testcase> <!-- excelSheetRetrieval -->
  <testcase classname="maven.Home.javaPrograms" name="paramMethod">
    <skipped/>
  </testcase> <!-- paramMethod -->
  <testcase classname="maven.Home.javaPrograms" name="duplicateRemoval">
    <skipped/>
  </testcase> <!-- duplicateRemoval -->
  <testcase classname="maven.Home.javaPrograms" name="excelReadWrite">
    <skipped/>
  </testcase> <!-- excelReadWrite -->
  <testcase classname="maven.Home.javaPrograms" name="arraySum">
    <skipped/>
  </testcase> <!-- arraySum -->
  <testcase classname="maven.Home.javaPrograms" name="getdata">
    <skipped/>
  </testcase> <!-- getdata -->
</testsuite> <!-- maven.Home.javaPrograms -->
